1551112016956	mozrunner::runner	INFO	Running command: "/Applications/Firefox.app/Contents/MacOS/firefox-bin" "-marionette" "-foreground" "-no-remote" "-profile" "/var/folders/z8/557dr9n90hdg8tsh97kf_1qw0000gn/T/rust_mozprofile.2Z1RCsWsXKBL"
1551112018143	addons.webextension.screenshots@mozilla.org	WARN	Loading extension 'screenshots@mozilla.org': Reading manifest: Invalid host permission: resource://pdf.js/
1551112018143	addons.webextension.screenshots@mozilla.org	WARN	Loading extension 'screenshots@mozilla.org': Reading manifest: Invalid host permission: about:reader*
Can't find symbol 'GetGraphicsResetStatus'.
1551112020560	Marionette	INFO	Listening on port 51792
1551112020598	Marionette	WARN	TLS certificate errors will be ignored for this session
JavaScript warning: https://www.next.co.uk/Scripts/AJAXv1.js?v=0.9.12.27336, line 1017: unreachable code after return statement
JavaScript warning: https://www.next.co.uk/Scripts/AJAXv1.js?v=0.9.12.27336, line 1430: unreachable code after return statement
JavaScript warning: https://www.next.co.uk/Scripts/AJAXv1.js?v=0.9.12.27336, line 1715: unreachable code after return statement
JavaScript warning: https://www.next.co.uk/Scripts/AJAXv1.js?v=0.9.12.27336, line 1017: unreachable code after return statement
JavaScript warning: https://www.next.co.uk/Scripts/AJAXv1.js?v=0.9.12.27336, line 1430: unreachable code after return statement
JavaScript warning: https://www.next.co.uk/Scripts/AJAXv1.js?v=0.9.12.27336, line 1715: unreachable code after return statement
[GFX1-]: Receive IPC close with reason=AbnormalShutdown
[GFX1-]: Receive IPC close with reason=AbnormalShutdown
1551112040425	mozrunner::runner	INFO	Running command: "/Applications/Firefox.app/Contents/MacOS/firefox-bin" "-marionette" "-foreground" "-no-remote" "-profile" "/var/folders/z8/557dr9n90hdg8tsh97kf_1qw0000gn/T/rust_mozprofile.NlhM284QgBss"
1551112041075	addons.webextension.screenshots@mozilla.org	WARN	Loading extension 'screenshots@mozilla.org': Reading manifest: Invalid host permission: resource://pdf.js/
1551112041076	addons.webextension.screenshots@mozilla.org	WARN	Loading extension 'screenshots@mozilla.org': Reading manifest: Invalid host permission: about:reader*
Can't find symbol 'GetGraphicsResetStatus'.
1551112042966	Marionette	INFO	Listening on port 51883
1551112042989	Marionette	WARN	TLS certificate errors will be ignored for this session
JavaScript warning: https://www3.next.co.uk/Scripts/AJAXv1.js?v=0.9.12.27336, line 1017: unreachable code after return statement
JavaScript warning: https://www3.next.co.uk/Scripts/AJAXv1.js?v=0.9.12.27336, line 1430: unreachable code after return statement
JavaScript warning: https://www3.next.co.uk/Scripts/AJAXv1.js?v=0.9.12.27336, line 1715: unreachable code after return statement
JavaScript warning: https://www3.next.co.uk/Scripts/AJAXv1.js?v=0.9.12.27336, line 1017: unreachable code after return statement
JavaScript warning: https://www3.next.co.uk/Scripts/AJAXv1.js?v=0.9.12.27336, line 1430: unreachable code after return statement
JavaScript warning: https://www3.next.co.uk/Scripts/AJAXv1.js?v=0.9.12.27336, line 1715: unreachable code after return statement
1551112060151	Marionette	INFO	Stopped listening on port 51883

###!!! [Parent][MessageChannel] Error: (msgtype=0x160011,name=PBackgroundStorage::Msg_Observe) Channel error: cannot send/recv

1551112105683	mozrunner::runner	INFO	Running command: "/Applications/Firefox.app/Contents/MacOS/firefox-bin" "-marionette" "-foreground" "-no-remote" "-profile" "/var/folders/z8/557dr9n90hdg8tsh97kf_1qw0000gn/T/rust_mozprofile.Y40lSvvkRiMl"
1551112106457	addons.webextension.screenshots@mozilla.org	WARN	Loading extension 'screenshots@mozilla.org': Reading manifest: Invalid host permission: resource://pdf.js/
1551112106458	addons.webextension.screenshots@mozilla.org	WARN	Loading extension 'screenshots@mozilla.org': Reading manifest: Invalid host permission: about:reader*
Can't find symbol 'GetGraphicsResetStatus'.
1551112108306	Marionette	INFO	Listening on port 51979
1551112108357	Marionette	WARN	TLS certificate errors will be ignored for this session
JavaScript warning: https://www.next.co.uk/Scripts/AJAXv1.js?v=0.9.12.27336, line 1017: unreachable code after return statement
JavaScript warning: https://www.next.co.uk/Scripts/AJAXv1.js?v=0.9.12.27336, line 1430: unreachable code after return statement
JavaScript warning: https://www.next.co.uk/Scripts/AJAXv1.js?v=0.9.12.27336, line 1715: unreachable code after return statement
1551112119179	Marionette	INFO	Stopped listening on port 51979
1551112120754	mozrunner::runner	INFO	Running command: "/Applications/Firefox.app/Contents/MacOS/firefox-bin" "-marionette" "-foreground" "-no-remote" "-profile" "/var/folders/z8/557dr9n90hdg8tsh97kf_1qw0000gn/T/rust_mozprofile.QgJoeFhFCsk6"
1551112121316	addons.webextension.screenshots@mozilla.org	WARN	Loading extension 'screenshots@mozilla.org': Reading manifest: Invalid host permission: resource://pdf.js/
1551112121317	addons.webextension.screenshots@mozilla.org	WARN	Loading extension 'screenshots@mozilla.org': Reading manifest: Invalid host permission: about:reader*
Can't find symbol 'GetGraphicsResetStatus'.
1551112122976	Marionette	INFO	Listening on port 52076
1551112123020	Marionette	WARN	TLS certificate errors will be ignored for this session
JavaScript warning: https://www.next.co.uk/Scripts/AJAXv1.js?v=0.9.12.27336, line 1017: unreachable code after return statement
JavaScript warning: https://www.next.co.uk/Scripts/AJAXv1.js?v=0.9.12.27336, line 1430: unreachable code after return statement
JavaScript warning: https://www.next.co.uk/Scripts/AJAXv1.js?v=0.9.12.27336, line 1715: unreachable code after return statement
JavaScript error: resource://gre/modules/WebProgressChild.jsm, line 58: TypeError: this.mm.content is null
[GFX1-]: Receive IPC close with reason=AbnormalShutdown
1551112243268	mozrunner::runner	INFO	Running command: "/Applications/Firefox.app/Contents/MacOS/firefox-bin" "-marionette" "-foreground" "-no-remote" "-profile" "/var/folders/z8/557dr9n90hdg8tsh97kf_1qw0000gn/T/rust_mozprofile.vAkXFqkjXSEp"
1551112243831	addons.webextension.screenshots@mozilla.org	WARN	Loading extension 'screenshots@mozilla.org': Reading manifest: Invalid host permission: resource://pdf.js/
1551112243831	addons.webextension.screenshots@mozilla.org	WARN	Loading extension 'screenshots@mozilla.org': Reading manifest: Invalid host permission: about:reader*
Can't find symbol 'GetGraphicsResetStatus'.
1551112245509	Marionette	INFO	Listening on port 52164
1551112245554	Marionette	WARN	TLS certificate errors will be ignored for this session
JavaScript warning: https://www.next.co.uk/Scripts/AJAXv1.js?v=0.9.12.27336, line 1017: unreachable code after return statement
JavaScript warning: https://www.next.co.uk/Scripts/AJAXv1.js?v=0.9.12.27336, line 1430: unreachable code after return statement
JavaScript warning: https://www.next.co.uk/Scripts/AJAXv1.js?v=0.9.12.27336, line 1715: unreachable code after return statement
1551112255821	Marionette	INFO	Stopped listening on port 52164
JavaScript error: resource://gre/modules/WebProgressChild.jsm, line 58: TypeError: this.mm.content is null
1551112257420	mozrunner::runner	INFO	Running command: "/Applications/Firefox.app/Contents/MacOS/firefox-bin" "-marionette" "-foreground" "-no-remote" "-profile" "/var/folders/z8/557dr9n90hdg8tsh97kf_1qw0000gn/T/rust_mozprofile.9Q4X9rfNiVLF"
1551112258064	addons.webextension.screenshots@mozilla.org	WARN	Loading extension 'screenshots@mozilla.org': Reading manifest: Invalid host permission: resource://pdf.js/
1551112258064	addons.webextension.screenshots@mozilla.org	WARN	Loading extension 'screenshots@mozilla.org': Reading manifest: Invalid host permission: about:reader*
Can't find symbol 'GetGraphicsResetStatus'.
1551112259859	Marionette	INFO	Listening on port 52247
1551112259904	Marionette	WARN	TLS certificate errors will be ignored for this session
JavaScript warning: https://www.next.co.uk/Scripts/AJAXv1.js?v=0.9.12.27336, line 1017: unreachable code after return statement
JavaScript warning: https://www.next.co.uk/Scripts/AJAXv1.js?v=0.9.12.27336, line 1430: unreachable code after return statement
JavaScript warning: https://www.next.co.uk/Scripts/AJAXv1.js?v=0.9.12.27336, line 1715: unreachable code after return statement
1551112270658	Marionette	INFO	Stopped listening on port 52247
1551112272278	mozrunner::runner	INFO	Running command: "/Applications/Firefox.app/Contents/MacOS/firefox-bin" "-marionette" "-foreground" "-no-remote" "-profile" "/var/folders/z8/557dr9n90hdg8tsh97kf_1qw0000gn/T/rust_mozprofile.5AmZuAYKcScu"
1551112273040	addons.webextension.screenshots@mozilla.org	WARN	Loading extension 'screenshots@mozilla.org': Reading manifest: Invalid host permission: resource://pdf.js/
1551112273041	addons.webextension.screenshots@mozilla.org	WARN	Loading extension 'screenshots@mozilla.org': Reading manifest: Invalid host permission: about:reader*
Can't find symbol 'GetGraphicsResetStatus'.
1551112275074	Marionette	INFO	Listening on port 52343
1551112275199	Marionette	WARN	TLS certificate errors will be ignored for this session
JavaScript warning: https://www.next.co.uk/Scripts/AJAXv1.js?v=0.9.12.27336, line 1017: unreachable code after return statement
JavaScript warning: https://www.next.co.uk/Scripts/AJAXv1.js?v=0.9.12.27336, line 1430: unreachable code after return statement
JavaScript warning: https://www.next.co.uk/Scripts/AJAXv1.js?v=0.9.12.27336, line 1715: unreachable code after return statement
1551112286310	Marionette	INFO	Stopped listening on port 52343
1551112287907	mozrunner::runner	INFO	Running command: "/Applications/Firefox.app/Contents/MacOS/firefox-bin" "-marionette" "-foreground" "-no-remote" "-profile" "/var/folders/z8/557dr9n90hdg8tsh97kf_1qw0000gn/T/rust_mozprofile.OvB7s9wUCU8F"
1551112288543	addons.webextension.screenshots@mozilla.org	WARN	Loading extension 'screenshots@mozilla.org': Reading manifest: Invalid host permission: resource://pdf.js/
1551112288544	addons.webextension.screenshots@mozilla.org	WARN	Loading extension 'screenshots@mozilla.org': Reading manifest: Invalid host permission: about:reader*
Can't find symbol 'GetGraphicsResetStatus'.
1551112290327	Marionette	INFO	Listening on port 52440
1551112290370	Marionette	WARN	TLS certificate errors will be ignored for this session
JavaScript warning: https://www.next.co.uk/Scripts/AJAXv1.js?v=0.9.12.27336, line 1017: unreachable code after return statement
JavaScript warning: https://www.next.co.uk/Scripts/AJAXv1.js?v=0.9.12.27336, line 1430: unreachable code after return statement
JavaScript warning: https://www.next.co.uk/Scripts/AJAXv1.js?v=0.9.12.27336, line 1715: unreachable code after return statement
1551112301287	Marionette	INFO	Stopped listening on port 52440
JavaScript error: resource://gre/modules/WebProgressChild.jsm, line 58: TypeError: this.mm.content is null
1551112302879	mozrunner::runner	INFO	Running command: "/Applications/Firefox.app/Contents/MacOS/firefox-bin" "-marionette" "-foreground" "-no-remote" "-profile" "/var/folders/z8/557dr9n90hdg8tsh97kf_1qw0000gn/T/rust_mozprofile.1vVfxdsI2nvI"
1551112303474	addons.webextension.screenshots@mozilla.org	WARN	Loading extension 'screenshots@mozilla.org': Reading manifest: Invalid host permission: resource://pdf.js/
1551112303475	addons.webextension.screenshots@mozilla.org	WARN	Loading extension 'screenshots@mozilla.org': Reading manifest: Invalid host permission: about:reader*
Can't find symbol 'GetGraphicsResetStatus'.
1551112305377	Marionette	INFO	Listening on port 52539
1551112305483	Marionette	WARN	TLS certificate errors will be ignored for this session
JavaScript warning: https://www.next.co.uk/Scripts/AJAXv1.js?v=0.9.12.27336, line 1017: unreachable code after return statement
JavaScript warning: https://www.next.co.uk/Scripts/AJAXv1.js?v=0.9.12.27336, line 1430: unreachable code after return statement
JavaScript warning: https://www.next.co.uk/Scripts/AJAXv1.js?v=0.9.12.27336, line 1715: unreachable code after return statement
1551112315162	Marionette	INFO	Stopped listening on port 52539
1551112316752	mozrunner::runner	INFO	Running command: "/Applications/Firefox.app/Contents/MacOS/firefox-bin" "-marionette" "-foreground" "-no-remote" "-profile" "/var/folders/z8/557dr9n90hdg8tsh97kf_1qw0000gn/T/rust_mozprofile.cfWPKPktiI6e"
1551112317376	addons.webextension.screenshots@mozilla.org	WARN	Loading extension 'screenshots@mozilla.org': Reading manifest: Invalid host permission: resource://pdf.js/
1551112317376	addons.webextension.screenshots@mozilla.org	WARN	Loading extension 'screenshots@mozilla.org': Reading manifest: Invalid host permission: about:reader*
Can't find symbol 'GetGraphicsResetStatus'.
1551112319071	Marionette	INFO	Listening on port 52630
1551112319144	Marionette	WARN	TLS certificate errors will be ignored for this session
JavaScript warning: https://www.next.co.uk/Scripts/AJAXv1.js?v=0.9.12.27336, line 1017: unreachable code after return statement
JavaScript warning: https://www.next.co.uk/Scripts/AJAXv1.js?v=0.9.12.27336, line 1430: unreachable code after return statement
JavaScript warning: https://www.next.co.uk/Scripts/AJAXv1.js?v=0.9.12.27336, line 1715: unreachable code after return statement
1551112328679	Marionette	INFO	Stopped listening on port 52630
1551112330280	mozrunner::runner	INFO	Running command: "/Applications/Firefox.app/Contents/MacOS/firefox-bin" "-marionette" "-foreground" "-no-remote" "-profile" "/var/folders/z8/557dr9n90hdg8tsh97kf_1qw0000gn/T/rust_mozprofile.VVtqREHPOCrM"
1551112330948	addons.webextension.screenshots@mozilla.org	WARN	Loading extension 'screenshots@mozilla.org': Reading manifest: Invalid host permission: resource://pdf.js/
1551112330948	addons.webextension.screenshots@mozilla.org	WARN	Loading extension 'screenshots@mozilla.org': Reading manifest: Invalid host permission: about:reader*
Can't find symbol 'GetGraphicsResetStatus'.
1551112332807	Marionette	INFO	Listening on port 52724
1551112332913	Marionette	WARN	TLS certificate errors will be ignored for this session
JavaScript warning: https://www.next.co.uk/Scripts/AJAXv1.js?v=0.9.12.27336, line 1017: unreachable code after return statement
JavaScript warning: https://www.next.co.uk/Scripts/AJAXv1.js?v=0.9.12.27336, line 1430: unreachable code after return statement
JavaScript warning: https://www.next.co.uk/Scripts/AJAXv1.js?v=0.9.12.27336, line 1715: unreachable code after return statement
1551112343020	Marionette	INFO	Stopped listening on port 52724
1551112344631	mozrunner::runner	INFO	Running command: "/Applications/Firefox.app/Contents/MacOS/firefox-bin" "-marionette" "-foreground" "-no-remote" "-profile" "/var/folders/z8/557dr9n90hdg8tsh97kf_1qw0000gn/T/rust_mozprofile.YxA7JnVp96k6"
1551112345326	addons.webextension.screenshots@mozilla.org	WARN	Loading extension 'screenshots@mozilla.org': Reading manifest: Invalid host permission: resource://pdf.js/
1551112345326	addons.webextension.screenshots@mozilla.org	WARN	Loading extension 'screenshots@mozilla.org': Reading manifest: Invalid host permission: about:reader*
Can't find symbol 'GetGraphicsResetStatus'.
1551112347109	Marionette	INFO	Listening on port 52820
1551112347224	Marionette	WARN	TLS certificate errors will be ignored for this session
JavaScript warning: https://www.next.co.uk/Scripts/AJAXv1.js?v=0.9.12.27336, line 1017: unreachable code after return statement
JavaScript warning: https://www.next.co.uk/Scripts/AJAXv1.js?v=0.9.12.27336, line 1430: unreachable code after return statement
JavaScript warning: https://www.next.co.uk/Scripts/AJAXv1.js?v=0.9.12.27336, line 1715: unreachable code after return statement
1551112356898	Marionette	INFO	Stopped listening on port 52820
1551112358498	mozrunner::runner	INFO	Running command: "/Applications/Firefox.app/Contents/MacOS/firefox-bin" "-marionette" "-foreground" "-no-remote" "-profile" "/var/folders/z8/557dr9n90hdg8tsh97kf_1qw0000gn/T/rust_mozprofile.6t0PfY4nQSSB"
1551112359140	addons.webextension.screenshots@mozilla.org	WARN	Loading extension 'screenshots@mozilla.org': Reading manifest: Invalid host permission: resource://pdf.js/
1551112359140	addons.webextension.screenshots@mozilla.org	WARN	Loading extension 'screenshots@mozilla.org': Reading manifest: Invalid host permission: about:reader*
Can't find symbol 'GetGraphicsResetStatus'.
1551112360918	Marionette	INFO	Listening on port 52916
1551112360977	Marionette	WARN	TLS certificate errors will be ignored for this session
JavaScript warning: https://www.next.co.uk/Scripts/AJAXv1.js?v=0.9.12.27336, line 1017: unreachable code after return statement
JavaScript warning: https://www.next.co.uk/Scripts/AJAXv1.js?v=0.9.12.27336, line 1430: unreachable code after return statement
JavaScript warning: https://www.next.co.uk/Scripts/AJAXv1.js?v=0.9.12.27336, line 1715: unreachable code after return statement
1551112371839	Marionette	INFO	Stopped listening on port 52916
1551112373423	mozrunner::runner	INFO	Running command: "/Applications/Firefox.app/Contents/MacOS/firefox-bin" "-marionette" "-foreground" "-no-remote" "-profile" "/var/folders/z8/557dr9n90hdg8tsh97kf_1qw0000gn/T/rust_mozprofile.DMmZ2TSor7TX"
1551112374063	addons.webextension.screenshots@mozilla.org	WARN	Loading extension 'screenshots@mozilla.org': Reading manifest: Invalid host permission: resource://pdf.js/
1551112374063	addons.webextension.screenshots@mozilla.org	WARN	Loading extension 'screenshots@mozilla.org': Reading manifest: Invalid host permission: about:reader*
Can't find symbol 'GetGraphicsResetStatus'.
1551112375846	Marionette	INFO	Listening on port 53013
1551112375957	Marionette	WARN	TLS certificate errors will be ignored for this session
JavaScript warning: https://www.next.co.uk/Scripts/AJAXv1.js?v=0.9.12.27336, line 1017: unreachable code after return statement
JavaScript warning: https://www.next.co.uk/Scripts/AJAXv1.js?v=0.9.12.27336, line 1430: unreachable code after return statement
JavaScript warning: https://www.next.co.uk/Scripts/AJAXv1.js?v=0.9.12.27336, line 1715: unreachable code after return statement
1551112386101	Marionette	INFO	Stopped listening on port 53013
1551112387695	mozrunner::runner	INFO	Running command: "/Applications/Firefox.app/Contents/MacOS/firefox-bin" "-marionette" "-foreground" "-no-remote" "-profile" "/var/folders/z8/557dr9n90hdg8tsh97kf_1qw0000gn/T/rust_mozprofile.3FqRNI8fJwzy"
1551112388315	addons.webextension.screenshots@mozilla.org	WARN	Loading extension 'screenshots@mozilla.org': Reading manifest: Invalid host permission: resource://pdf.js/
1551112388315	addons.webextension.screenshots@mozilla.org	WARN	Loading extension 'screenshots@mozilla.org': Reading manifest: Invalid host permission: about:reader*
Can't find symbol 'GetGraphicsResetStatus'.
1551112390073	Marionette	INFO	Listening on port 53107
1551112390180	Marionette	WARN	TLS certificate errors will be ignored for this session
JavaScript warning: https://www.next.co.uk/Scripts/AJAXv1.js?v=0.9.12.27336, line 1017: unreachable code after return statement
JavaScript warning: https://www.next.co.uk/Scripts/AJAXv1.js?v=0.9.12.27336, line 1430: unreachable code after return statement
JavaScript warning: https://www.next.co.uk/Scripts/AJAXv1.js?v=0.9.12.27336, line 1715: unreachable code after return statement
1551112400851	Marionette	INFO	Stopped listening on port 53107
JavaScript error: resource://gre/modules/WebProgressChild.jsm, line 58: TypeError: this.mm.content is null
1551112402444	mozrunner::runner	INFO	Running command: "/Applications/Firefox.app/Contents/MacOS/firefox-bin" "-marionette" "-foreground" "-no-remote" "-profile" "/var/folders/z8/557dr9n90hdg8tsh97kf_1qw0000gn/T/rust_mozprofile.kk9FITAjqh0i"
1551112403061	addons.webextension.screenshots@mozilla.org	WARN	Loading extension 'screenshots@mozilla.org': Reading manifest: Invalid host permission: resource://pdf.js/
1551112403061	addons.webextension.screenshots@mozilla.org	WARN	Loading extension 'screenshots@mozilla.org': Reading manifest: Invalid host permission: about:reader*
Can't find symbol 'GetGraphicsResetStatus'.
1551112404834	Marionette	INFO	Listening on port 53203
1551112404945	Marionette	WARN	TLS certificate errors will be ignored for this session
JavaScript warning: https://www.next.co.uk/Scripts/AJAXv1.js?v=0.9.12.27336, line 1017: unreachable code after return statement
JavaScript warning: https://www.next.co.uk/Scripts/AJAXv1.js?v=0.9.12.27336, line 1430: unreachable code after return statement
JavaScript warning: https://www.next.co.uk/Scripts/AJAXv1.js?v=0.9.12.27336, line 1715: unreachable code after return statement
1551112412600	Marionette	INFO	Stopped listening on port 53203
1551112414255	mozrunner::runner	INFO	Running command: "/Applications/Firefox.app/Contents/MacOS/firefox-bin" "-marionette" "-foreground" "-no-remote" "-profile" "/var/folders/z8/557dr9n90hdg8tsh97kf_1qw0000gn/T/rust_mozprofile.ccMWj49lpPyJ"
1551112414984	addons.webextension.screenshots@mozilla.org	WARN	Loading extension 'screenshots@mozilla.org': Reading manifest: Invalid host permission: resource://pdf.js/
1551112414985	addons.webextension.screenshots@mozilla.org	WARN	Loading extension 'screenshots@mozilla.org': Reading manifest: Invalid host permission: about:reader*
Can't find symbol 'GetGraphicsResetStatus'.
1551112416599	Marionette	INFO	Listening on port 53288
1551112416622	Marionette	WARN	TLS certificate errors will be ignored for this session
JavaScript warning: https://www.next.co.uk/Scripts/AJAXv1.js?v=0.9.12.27336, line 1017: unreachable code after return statement
JavaScript warning: https://www.next.co.uk/Scripts/AJAXv1.js?v=0.9.12.27336, line 1430: unreachable code after return statement
JavaScript warning: https://www.next.co.uk/Scripts/AJAXv1.js?v=0.9.12.27336, line 1715: unreachable code after return statement
1551112425277	Marionette	INFO	Stopped listening on port 53288

###!!! [Child][RunMessage] Error: Channel closing: too late to send/recv, messages will be lost

1551112426894	mozrunner::runner	INFO	Running command: "/Applications/Firefox.app/Contents/MacOS/firefox-bin" "-marionette" "-foreground" "-no-remote" "-profile" "/var/folders/z8/557dr9n90hdg8tsh97kf_1qw0000gn/T/rust_mozprofile.QNXDMrB72Rul"
1551112427520	addons.webextension.screenshots@mozilla.org	WARN	Loading extension 'screenshots@mozilla.org': Reading manifest: Invalid host permission: resource://pdf.js/
1551112427520	addons.webextension.screenshots@mozilla.org	WARN	Loading extension 'screenshots@mozilla.org': Reading manifest: Invalid host permission: about:reader*
Can't find symbol 'GetGraphicsResetStatus'.
1551112429155	Marionette	INFO	Listening on port 53372
1551112429185	Marionette	WARN	TLS certificate errors will be ignored for this session
JavaScript warning: https://www.next.co.uk/Scripts/AJAXv1.js?v=0.9.12.27336, line 1017: unreachable code after return statement
JavaScript warning: https://www.next.co.uk/Scripts/AJAXv1.js?v=0.9.12.27336, line 1430: unreachable code after return statement
JavaScript warning: https://www.next.co.uk/Scripts/AJAXv1.js?v=0.9.12.27336, line 1715: unreachable code after return statement
1551112439528	Marionette	INFO	Stopped listening on port 53372
JavaScript error: resource://gre/modules/WebProgressChild.jsm, line 58: TypeError: this.mm.content is null
1551112441110	mozrunner::runner	INFO	Running command: "/Applications/Firefox.app/Contents/MacOS/firefox-bin" "-marionette" "-foreground" "-no-remote" "-profile" "/var/folders/z8/557dr9n90hdg8tsh97kf_1qw0000gn/T/rust_mozprofile.rdemAvIJ0lUJ"
1551112441734	addons.webextension.screenshots@mozilla.org	WARN	Loading extension 'screenshots@mozilla.org': Reading manifest: Invalid host permission: resource://pdf.js/
1551112441734	addons.webextension.screenshots@mozilla.org	WARN	Loading extension 'screenshots@mozilla.org': Reading manifest: Invalid host permission: about:reader*
Can't find symbol 'GetGraphicsResetStatus'.
1551112443431	Marionette	INFO	Listening on port 53456
1551112443509	Marionette	WARN	TLS certificate errors will be ignored for this session
JavaScript warning: https://www.next.co.uk/Scripts/AJAXv1.js?v=0.9.12.27336, line 1017: unreachable code after return statement
JavaScript warning: https://www.next.co.uk/Scripts/AJAXv1.js?v=0.9.12.27336, line 1430: unreachable code after return statement
JavaScript warning: https://www.next.co.uk/Scripts/AJAXv1.js?v=0.9.12.27336, line 1715: unreachable code after return statement
1551112450832	Marionette	INFO	Stopped listening on port 53456
1551112452457	mozrunner::runner	INFO	Running command: "/Applications/Firefox.app/Contents/MacOS/firefox-bin" "-marionette" "-foreground" "-no-remote" "-profile" "/var/folders/z8/557dr9n90hdg8tsh97kf_1qw0000gn/T/rust_mozprofile.BHNyLKascqMU"
1551811662160	mozrunner::runner	INFO	Running command: "/Applications/Firefox.app/Contents/MacOS/firefox-bin" "-marionette" "-foreground" "-no-remote" "-profile" "/var/folders/z8/557dr9n90hdg8tsh97kf_1qw0000gn/T/rust_mozprofile.1cKpTwmPZ9fn"
1551811663445	addons.webextension.screenshots@mozilla.org	WARN	Loading extension 'screenshots@mozilla.org': Reading manifest: Invalid host permission: resource://pdf.js/
1551811663445	addons.webextension.screenshots@mozilla.org	WARN	Loading extension 'screenshots@mozilla.org': Reading manifest: Invalid host permission: about:reader*
Can't find symbol 'GetGraphicsResetStatus'.
1551811665751	Marionette	INFO	Listening on port 64496
1551811665785	Marionette	WARN	TLS certificate errors will be ignored for this session
JavaScript warning: https://www.next.co.uk/Scripts/AJAXv1.js?v=0.9.12.27336, line 1017: unreachable code after return statement
JavaScript warning: https://www.next.co.uk/Scripts/AJAXv1.js?v=0.9.12.27336, line 1430: unreachable code after return statement
JavaScript warning: https://www.next.co.uk/Scripts/AJAXv1.js?v=0.9.12.27336, line 1715: unreachable code after return statement
1551811675528	mozrunner::runner	INFO	Running command: "/Applications/Firefox.app/Contents/MacOS/firefox-bin" "-marionette" "-foreground" "-no-remote" "-profile" "/var/folders/z8/557dr9n90hdg8tsh97kf_1qw0000gn/T/rust_mozprofile.rszwGl80hNyL"
1551811676225	addons.webextension.screenshots@mozilla.org	WARN	Loading extension 'screenshots@mozilla.org': Reading manifest: Invalid host permission: resource://pdf.js/
1551811676225	addons.webextension.screenshots@mozilla.org	WARN	Loading extension 'screenshots@mozilla.org': Reading manifest: Invalid host permission: about:reader*
[GFX1-]: Receive IPC close with reason=AbnormalShutdown
1551811776992	mozrunner::runner	INFO	Running command: "/Applications/Firefox.app/Contents/MacOS/firefox-bin" "-marionette" "-foreground" "-no-remote" "-profile" "/var/folders/z8/557dr9n90hdg8tsh97kf_1qw0000gn/T/rust_mozprofile.6oveDNeXc4wv"
1551811777745	addons.webextension.screenshots@mozilla.org	WARN	Loading extension 'screenshots@mozilla.org': Reading manifest: Invalid host permission: resource://pdf.js/
1551811777745	addons.webextension.screenshots@mozilla.org	WARN	Loading extension 'screenshots@mozilla.org': Reading manifest: Invalid host permission: about:reader*
Can't find symbol 'GetGraphicsResetStatus'.
1551811779905	Marionette	INFO	Listening on port 64627
1551811779984	Marionette	WARN	TLS certificate errors will be ignored for this session
JavaScript warning: https://www.next.co.uk/Scripts/AJAXv1.js?v=0.9.12.27336, line 1017: unreachable code after return statement
JavaScript warning: https://www.next.co.uk/Scripts/AJAXv1.js?v=0.9.12.27336, line 1430: unreachable code after return statement
JavaScript warning: https://www.next.co.uk/Scripts/AJAXv1.js?v=0.9.12.27336, line 1715: unreachable code after return statement
JavaScript warning: https://www.next.co.uk/Scripts/AJAXv1.js?v=0.9.12.27336, line 1017: unreachable code after return statement
JavaScript warning: https://www.next.co.uk/Scripts/AJAXv1.js?v=0.9.12.27336, line 1430: unreachable code after return statement
JavaScript warning: https://www.next.co.uk/Scripts/AJAXv1.js?v=0.9.12.27336, line 1715: unreachable code after return statement
1551811796026	mozrunner::runner	INFO	Running command: "/Applications/Firefox.app/Contents/MacOS/firefox-bin" "-marionette" "-foreground" "-no-remote" "-profile" "/var/folders/z8/557dr9n90hdg8tsh97kf_1qw0000gn/T/rust_mozprofile.PqD9LEHdXYjC"
1551811796784	addons.webextension.screenshots@mozilla.org	WARN	Loading extension 'screenshots@mozilla.org': Reading manifest: Invalid host permission: resource://pdf.js/
1551811796784	addons.webextension.screenshots@mozilla.org	WARN	Loading extension 'screenshots@mozilla.org': Reading manifest: Invalid host permission: about:reader*
Can't find symbol 'GetGraphicsResetStatus'.
1551811799084	Marionette	INFO	Listening on port 64721
1551811799175	Marionette	WARN	TLS certificate errors will be ignored for this session
console.error: BroadcastService: 
  receivedBroadcastMessage: handler for
  remote-settings/monitor_changes
  threw error:
  Message: Error: Polling for changes failed: NetworkError when attempting to fetch resource..
  Stack:
    remoteSettingsFunction/remoteSettings.pollChanges@resource://services-settings/remote-settings.js:750:13

JavaScript warning: https://www.next.co.uk/Scripts/AJAXv1.js?v=0.9.12.27336, line 1017: unreachable code after return statement
JavaScript warning: https://www.next.co.uk/Scripts/AJAXv1.js?v=0.9.12.27336, line 1430: unreachable code after return statement
JavaScript warning: https://www.next.co.uk/Scripts/AJAXv1.js?v=0.9.12.27336, line 1715: unreachable code after return statement
JavaScript warning: https://www.next.co.uk/Scripts/AJAXv1.js?v=0.9.12.27336, line 1017: unreachable code after return statement
JavaScript warning: https://www.next.co.uk/Scripts/AJAXv1.js?v=0.9.12.27336, line 1430: unreachable code after return statement
JavaScript warning: https://www.next.co.uk/Scripts/AJAXv1.js?v=0.9.12.27336, line 1715: unreachable code after return statement
1551811816766	mozrunner::runner	INFO	Running command: "/Applications/Firefox.app/Contents/MacOS/firefox-bin" "-marionette" "-foreground" "-no-remote" "-profile" "/var/folders/z8/557dr9n90hdg8tsh97kf_1qw0000gn/T/rust_mozprofile.zzFZZlxkDsri"
1551811817411	addons.webextension.screenshots@mozilla.org	WARN	Loading extension 'screenshots@mozilla.org': Reading manifest: Invalid host permission: resource://pdf.js/
1551811817412	addons.webextension.screenshots@mozilla.org	WARN	Loading extension 'screenshots@mozilla.org': Reading manifest: Invalid host permission: about:reader*
Can't find symbol 'GetGraphicsResetStatus'.
1551811819306	Marionette	INFO	Listening on port 64821
1551811819351	Marionette	WARN	TLS certificate errors will be ignored for this session
console.error: BroadcastService: 
  receivedBroadcastMessage: handler for
  remote-settings/monitor_changes
  threw error:
  Message: Error: Polling for changes failed: NetworkError when attempting to fetch resource..
  Stack:
    remoteSettingsFunction/remoteSettings.pollChanges@resource://services-settings/remote-settings.js:750:13

JavaScript warning: https://www.next.co.uk/Scripts/AJAXv1.js?v=0.9.12.27336, line 1017: unreachable code after return statement
JavaScript warning: https://www.next.co.uk/Scripts/AJAXv1.js?v=0.9.12.27336, line 1430: unreachable code after return statement
JavaScript warning: https://www.next.co.uk/Scripts/AJAXv1.js?v=0.9.12.27336, line 1715: unreachable code after return statement
JavaScript warning: https://www.next.co.uk/Scripts/AJAXv1.js?v=0.9.12.27336, line 1017: unreachable code after return statement
JavaScript warning: https://www.next.co.uk/Scripts/AJAXv1.js?v=0.9.12.27336, line 1430: unreachable code after return statement
JavaScript warning: https://www.next.co.uk/Scripts/AJAXv1.js?v=0.9.12.27336, line 1715: unreachable code after return statement
console.error: BroadcastService: 
  receivedBroadcastMessage: handler for
  remote-settings/monitor_changes
  threw error:
  Message: Error: Polling for changes failed: NetworkError when attempting to fetch resource..
  Stack:
    remoteSettingsFunction/remoteSettings.pollChanges@resource://services-settings/remote-settings.js:750:13

1551811881188	Marionette	INFO	Stopped listening on port 64721
1551811884440	Marionette	INFO	Stopped listening on port 64627
1551811887280	Marionette	INFO	Stopped listening on port 64821
1551811977198	mozrunner::runner	INFO	Running command: "/Applications/Firefox.app/Contents/MacOS/firefox-bin" "-marionette" "-foreground" "-no-remote" "-profile" "/var/folders/z8/557dr9n90hdg8tsh97kf_1qw0000gn/T/rust_mozprofile.RWeTbryoMjqp"
1551811977927	addons.webextension.screenshots@mozilla.org	WARN	Loading extension 'screenshots@mozilla.org': Reading manifest: Invalid host permission: resource://pdf.js/
1551811977927	addons.webextension.screenshots@mozilla.org	WARN	Loading extension 'screenshots@mozilla.org': Reading manifest: Invalid host permission: about:reader*
Can't find symbol 'GetGraphicsResetStatus'.
1551811979739	Marionette	INFO	Listening on port 64930
1551811979781	Marionette	WARN	TLS certificate errors will be ignored for this session
JavaScript warning: https://www.next.co.uk/Scripts/AJAXv1.js?v=0.9.12.27336, line 1017: unreachable code after return statement
JavaScript warning: https://www.next.co.uk/Scripts/AJAXv1.js?v=0.9.12.27336, line 1430: unreachable code after return statement
JavaScript warning: https://www.next.co.uk/Scripts/AJAXv1.js?v=0.9.12.27336, line 1715: unreachable code after return statement
1551811992615	Marionette	INFO	Stopped listening on port 64930
1551811994211	mozrunner::runner	INFO	Running command: "/Applications/Firefox.app/Contents/MacOS/firefox-bin" "-marionette" "-headless" "-foreground" "-no-remote" "-profile" "/var/folders/z8/557dr9n90hdg8tsh97kf_1qw0000gn/T/rust_mozprofile.nEtd6AYT3nOl"
*** You are running in headless mode.
1551811994929	addons.webextension.screenshots@mozilla.org	WARN	Loading extension 'screenshots@mozilla.org': Reading manifest: Invalid host permission: resource://pdf.js/
1551811994929	addons.webextension.screenshots@mozilla.org	WARN	Loading extension 'screenshots@mozilla.org': Reading manifest: Invalid host permission: about:reader*
1551811996604	Marionette	INFO	Listening on port 65012
1551811996690	Marionette	WARN	TLS certificate errors will be ignored for this session
JavaScript warning: http://proxy-list.org/js/jquery-1.9.1.min.js, line 1: Using //@ to indicate sourceMappingURL pragmas is deprecated. Use //# instead
JavaScript error: jar:file:///Applications/Firefox.app/Contents/Resources/omni.ja!/components/PeerConnection.js, line 1895: TypeError: this._dompc._pc is undefined
1551812000031	Marionette	INFO	Stopped listening on port 65012
1551812001567	mozrunner::runner	INFO	Running command: "/Applications/Firefox.app/Contents/MacOS/firefox-bin" "-marionette" "-foreground" "-no-remote" "-profile" "/var/folders/z8/557dr9n90hdg8tsh97kf_1qw0000gn/T/rust_mozprofile.YcPqpp3iau7X"
1551812002121	addons.webextension.screenshots@mozilla.org	WARN	Loading extension 'screenshots@mozilla.org': Reading manifest: Invalid host permission: resource://pdf.js/
1551812002121	addons.webextension.screenshots@mozilla.org	WARN	Loading extension 'screenshots@mozilla.org': Reading manifest: Invalid host permission: about:reader*
JavaScript error: chrome://browser/content/browser.js, line 7604: TypeError: gURLBar is null
Can't find symbol 'GetGraphicsResetStatus'.
1551812003785	Marionette	INFO	Listening on port 65065
1551812003847	Marionette	WARN	TLS certificate errors will be ignored for this session
JavaScript warning: https://www.next.co.uk/Scripts/AJAXv1.js?v=0.9.12.27336, line 1017: unreachable code after return statement
JavaScript warning: https://www.next.co.uk/Scripts/AJAXv1.js?v=0.9.12.27336, line 1430: unreachable code after return statement
JavaScript warning: https://www.next.co.uk/Scripts/AJAXv1.js?v=0.9.12.27336, line 1715: unreachable code after return statement
1551812021926	Marionette	INFO	Stopped listening on port 65065
1551812023498	mozrunner::runner	INFO	Running command: "/Applications/Firefox.app/Contents/MacOS/firefox-bin" "-marionette" "-headless" "-foreground" "-no-remote" "-profile" "/var/folders/z8/557dr9n90hdg8tsh97kf_1qw0000gn/T/rust_mozprofile.gKKNXQ5yn6Ay"
*** You are running in headless mode.
1551812024227	addons.webextension.screenshots@mozilla.org	WARN	Loading extension 'screenshots@mozilla.org': Reading manifest: Invalid host permission: resource://pdf.js/
1551812024227	addons.webextension.screenshots@mozilla.org	WARN	Loading extension 'screenshots@mozilla.org': Reading manifest: Invalid host permission: about:reader*
1551812025928	Marionette	INFO	Listening on port 65137
1551812025973	Marionette	WARN	TLS certificate errors will be ignored for this session
JavaScript warning: http://proxy-list.org/js/jquery-1.9.1.min.js, line 1: Using //@ to indicate sourceMappingURL pragmas is deprecated. Use //# instead
JavaScript error: jar:file:///Applications/Firefox.app/Contents/Resources/omni.ja!/components/PeerConnection.js, line 1895: TypeError: this._dompc._pc is undefined
1551812029477	Marionette	INFO	Stopped listening on port 65137
1551812031015	mozrunner::runner	INFO	Running command: "/Applications/Firefox.app/Contents/MacOS/firefox-bin" "-marionette" "-foreground" "-no-remote" "-profile" "/var/folders/z8/557dr9n90hdg8tsh97kf_1qw0000gn/T/rust_mozprofile.CMEJHIbXlJ3P"
1551812031586	addons.webextension.screenshots@mozilla.org	WARN	Loading extension 'screenshots@mozilla.org': Reading manifest: Invalid host permission: resource://pdf.js/
1551812031586	addons.webextension.screenshots@mozilla.org	WARN	Loading extension 'screenshots@mozilla.org': Reading manifest: Invalid host permission: about:reader*
JavaScript error: chrome://browser/content/browser.js, line 7604: TypeError: gURLBar is null
Can't find symbol 'GetGraphicsResetStatus'.
1551812033257	Marionette	INFO	Listening on port 65190
1551812033285	Marionette	WARN	TLS certificate errors will be ignored for this session
JavaScript warning: https://www.next.co.uk/Scripts/AJAXv1.js?v=0.9.12.27336, line 1017: unreachable code after return statement
JavaScript warning: https://www.next.co.uk/Scripts/AJAXv1.js?v=0.9.12.27336, line 1430: unreachable code after return statement
JavaScript warning: https://www.next.co.uk/Scripts/AJAXv1.js?v=0.9.12.27336, line 1715: unreachable code after return statement
1551812051513	Marionette	INFO	Stopped listening on port 65190
1551812053078	mozrunner::runner	INFO	Running command: "/Applications/Firefox.app/Contents/MacOS/firefox-bin" "-marionette" "-headless" "-foreground" "-no-remote" "-profile" "/var/folders/z8/557dr9n90hdg8tsh97kf_1qw0000gn/T/rust_mozprofile.sNO54ylzzNjN"
*** You are running in headless mode.
1551812053645	addons.webextension.screenshots@mozilla.org	WARN	Loading extension 'screenshots@mozilla.org': Reading manifest: Invalid host permission: resource://pdf.js/
1551812053646	addons.webextension.screenshots@mozilla.org	WARN	Loading extension 'screenshots@mozilla.org': Reading manifest: Invalid host permission: about:reader*
1551812055304	Marionette	INFO	Listening on port 65253
1551812055340	Marionette	WARN	TLS certificate errors will be ignored for this session
JavaScript warning: http://proxy-list.org/js/jquery-1.9.1.min.js, line 1: Using //@ to indicate sourceMappingURL pragmas is deprecated. Use //# instead
JavaScript error: jar:file:///Applications/Firefox.app/Contents/Resources/omni.ja!/components/PeerConnection.js, line 1895: TypeError: this._dompc._pc is undefined
1551812058349	Marionette	INFO	Stopped listening on port 65253
1551812059885	mozrunner::runner	INFO	Running command: "/Applications/Firefox.app/Contents/MacOS/firefox-bin" "-marionette" "-foreground" "-no-remote" "-profile" "/var/folders/z8/557dr9n90hdg8tsh97kf_1qw0000gn/T/rust_mozprofile.6HAHi8oLTcsk"
1551812060465	addons.webextension.screenshots@mozilla.org	WARN	Loading extension 'screenshots@mozilla.org': Reading manifest: Invalid host permission: resource://pdf.js/
1551812060465	addons.webextension.screenshots@mozilla.org	WARN	Loading extension 'screenshots@mozilla.org': Reading manifest: Invalid host permission: about:reader*
JavaScript error: chrome://browser/content/browser.js, line 7604: TypeError: gURLBar is null
Can't find symbol 'GetGraphicsResetStatus'.
1551812062141	Marionette	INFO	Listening on port 65304
1551812062166	Marionette	WARN	TLS certificate errors will be ignored for this session
JavaScript warning: https://www.next.co.uk/Scripts/AJAXv1.js?v=0.9.12.27336, line 1017: unreachable code after return statement
JavaScript warning: https://www.next.co.uk/Scripts/AJAXv1.js?v=0.9.12.27336, line 1430: unreachable code after return statement
JavaScript warning: https://www.next.co.uk/Scripts/AJAXv1.js?v=0.9.12.27336, line 1715: unreachable code after return statement
JavaScript warning: https://www.next.co.uk/Scripts/AJAXv1.js?v=0.9.12.27336, line 1017: unreachable code after return statement
JavaScript warning: https://www.next.co.uk/Scripts/AJAXv1.js?v=0.9.12.27336, line 1430: unreachable code after return statement
JavaScript warning: https://www.next.co.uk/Scripts/AJAXv1.js?v=0.9.12.27336, line 1715: unreachable code after return statement
console.error: BroadcastService: 
  receivedBroadcastMessage: handler for
  remote-settings/monitor_changes
  threw error:
  Message: Error: Polling for changes failed: NetworkError when attempting to fetch resource..
  Stack:
    remoteSettingsFunction/remoteSettings.pollChanges@resource://services-settings/remote-settings.js:750:13

Can't find symbol 'GetGraphicsResetStatus'.
1551812086443	Marionette	INFO	Stopped listening on port 65304
1551812088006	mozrunner::runner	INFO	Running command: "/Applications/Firefox.app/Contents/MacOS/firefox-bin" "-marionette" "-foreground" "-no-remote" "-profile" "/var/folders/z8/557dr9n90hdg8tsh97kf_1qw0000gn/T/rust_mozprofile.5BBSflei7ao4"
1551812088774	addons.webextension.screenshots@mozilla.org	WARN	Loading extension 'screenshots@mozilla.org': Reading manifest: Invalid host permission: resource://pdf.js/
1551812088774	addons.webextension.screenshots@mozilla.org	WARN	Loading extension 'screenshots@mozilla.org': Reading manifest: Invalid host permission: about:reader*
Can't find symbol 'GetGraphicsResetStatus'.
1551812090467	Marionette	INFO	Listening on port 65361
1551812090581	Marionette	WARN	TLS certificate errors will be ignored for this session
JavaScript warning: https://www.next.co.uk/Scripts/AJAXv1.js?v=0.9.12.27336, line 1017: unreachable code after return statement
JavaScript warning: https://www.next.co.uk/Scripts/AJAXv1.js?v=0.9.12.27336, line 1430: unreachable code after return statement
JavaScript warning: https://www.next.co.uk/Scripts/AJAXv1.js?v=0.9.12.27336, line 1715: unreachable code after return statement
console.error: BroadcastService: 
  receivedBroadcastMessage: handler for
  remote-settings/monitor_changes
  threw error:
  Message: Error: Polling for changes failed: NetworkError when attempting to fetch resource..
  Stack:
    remoteSettingsFunction/remoteSettings.pollChanges@resource://services-settings/remote-settings.js:750:13

1551812115179	Marionette	INFO	Stopped listening on port 65361
1551812116792	mozrunner::runner	INFO	Running command: "/Applications/Firefox.app/Contents/MacOS/firefox-bin" "-marionette" "-foreground" "-no-remote" "-profile" "/var/folders/z8/557dr9n90hdg8tsh97kf_1qw0000gn/T/rust_mozprofile.KBebzwf8QI9A"
1551812117495	addons.webextension.screenshots@mozilla.org	WARN	Loading extension 'screenshots@mozilla.org': Reading manifest: Invalid host permission: resource://pdf.js/
1551812117495	addons.webextension.screenshots@mozilla.org	WARN	Loading extension 'screenshots@mozilla.org': Reading manifest: Invalid host permission: about:reader*
Can't find symbol 'GetGraphicsResetStatus'.
1551812119110	Marionette	INFO	Listening on port 65458
1551812119186	Marionette	WARN	TLS certificate errors will be ignored for this session
JavaScript warning: https://www.next.co.uk/Scripts/AJAXv1.js?v=0.9.12.27336, line 1017: unreachable code after return statement
JavaScript warning: https://www.next.co.uk/Scripts/AJAXv1.js?v=0.9.12.27336, line 1430: unreachable code after return statement
JavaScript warning: https://www.next.co.uk/Scripts/AJAXv1.js?v=0.9.12.27336, line 1715: unreachable code after return statement
JavaScript warning: https://www.next.co.uk/Scripts/AJAXv1.js?v=0.9.12.27336, line 1017: unreachable code after return statement
JavaScript warning: https://www.next.co.uk/Scripts/AJAXv1.js?v=0.9.12.27336, line 1430: unreachable code after return statement
JavaScript warning: https://www.next.co.uk/Scripts/AJAXv1.js?v=0.9.12.27336, line 1715: unreachable code after return statement
console.error: BroadcastService: 
  receivedBroadcastMessage: handler for
  remote-settings/monitor_changes
  threw error:
  Message: Error: Polling for changes failed: NetworkError when attempting to fetch resource..
  Stack:
    remoteSettingsFunction/remoteSettings.pollChanges@resource://services-settings/remote-settings.js:750:13

1551812143317	Marionette	INFO	Stopped listening on port 65458
